<?xml version="1.0" encoding="UTF-8"?>
<!-- Generated by org.testng.reporters.JUnitReportReporter -->
<testsuite hostname="DESKTOP-ADUL7BM" failures="0" tests="1" name="Practice.testng.SampleReportTest" time="5.395" errors="0" timestamp="16 Aug 2024 05:18:48 GMT" skipped="0">
  <testcase classname="Practice.testng.SampleReportTest" name="createContactTest" time="5.395"/>
</testsuite> <!-- Practice.testng.SampleReportTest -->
