<?xml version="1.0" encoding="UTF-8"?>
<!-- Generated by org.testng.reporters.JUnitReportReporter -->
<testsuite hostname="DESKTOP-ADUL7BM" failures="0" tests="2" name="com.crm.comcast.contactTest.CreateContactTests" time="0.014" errors="0" timestamp="02 Aug 2024 11:44:55 GMT" skipped="0">
  <testcase classname="com.crm.comcast.contactTest.CreateContactTests" name="createContactWithDate" time="0.005"/>
  <testcase classname="com.crm.comcast.contactTest.CreateContactTests" name="CreateContact" time="0.009"/>
</testsuite> <!-- com.crm.comcast.contactTest.CreateContactTests -->
