<?xml version="1.0" encoding="UTF-8"?>
<!-- Generated by org.testng.reporters.JUnitReportReporter -->
<testsuite hostname="DESKTOP-ADUL7BM" failures="0" tests="1" name="Practice.testng.SampleTest" time="0.015" errors="0" timestamp="31 Jul 2024 13:02:28 GMT" skipped="0">
  <testcase classname="Practice.testng.SampleTest" name="createContactTest" time="0.015"/>
</testsuite> <!-- Practice.testng.SampleTest -->
