<?xml version="1.0" encoding="UTF-8"?>
<!-- Generated by org.testng.reporters.JUnitReportReporter -->
<testsuite hostname="DESKTOP-ADUL7BM" failures="0" tests="5" name="Practice.testng.CreateContactTest" time="0.034" errors="0" timestamp="01 Aug 2024 07:09:29 GMT" skipped="0">
  <testcase classname="Practice.testng.CreateContactTest" name="createContactTest" time="0.002"/>
  <testcase classname="Practice.testng.CreateContactTest" name="createContactTest" time="0.022"/>
  <testcase classname="Practice.testng.CreateContactTest" name="createContactTest" time="0.003"/>
  <testcase classname="Practice.testng.CreateContactTest" name="createContactTest" time="0.002"/>
  <testcase classname="Practice.testng.CreateContactTest" name="createContactTest" time="0.005"/>
</testsuite> <!-- Practice.testng.CreateContactTest -->
