<?xml version="1.0" encoding="UTF-8"?>
<!-- Generated by org.testng.reporters.JUnitReportReporter -->
<testsuite hostname="DESKTOP-ADUL7BM" failures="0" tests="1" name="Practice.datadriventesting.SampleUnitTestCheckProjectInBackend" time="0.994" errors="0" timestamp="22 Jul 2024 07:23:08 GMT" skipped="0">
  <testcase classname="Practice.datadriventesting.SampleUnitTestCheckProjectInBackend" name="projectCheckTest" time="0.994"/>
</testsuite> <!-- Practice.datadriventesting.SampleUnitTestCheckProjectInBackend -->
