<?xml version="1.0" encoding="UTF-8"?>
<!-- Generated by org.testng.reporters.JUnitReportReporter -->
<testsuite hostname="DESKTOP-ADUL7BM" failures="0" tests="11" name="Practice.testng.OrderTest" time="0.081" errors="0" timestamp="01 Aug 2024 07:15:43 GMT" skipped="1">
  <testcase classname="Practice.testng.OrderTest" name="createOrderTest" time="0.002"/>
  <testcase classname="Practice.testng.OrderTest" name="createOrderTest" time="0.007"/>
  <testcase classname="Practice.testng.OrderTest" name="createOrderTest" time="0.008"/>
  <testcase classname="Practice.testng.OrderTest" name="createOrderTest" time="0.011"/>
  <testcase classname="Practice.testng.OrderTest" name="createOrderTest" time="0.003"/>
  <testcase classname="Practice.testng.OrderTest" name="createOrderTest" time="0.003"/>
  <testcase classname="Practice.testng.OrderTest" name="createOrderTest" time="0.019"/>
  <testcase classname="Practice.testng.OrderTest" name="createOrderTest" time="0.009"/>
  <testcase classname="Practice.testng.OrderTest" name="createOrderTest" time="0.013"/>
  <testcase classname="Practice.testng.OrderTest" name="createOrderTest" time="0.006"/>
  <testcase classname="Practice.testng.OrderTest" name="billingAnOrderTest">
    <skipped/>
  </testcase> <!-- billingAnOrderTest -->
</testsuite> <!-- Practice.testng.OrderTest -->
