<?xml version="1.0" encoding="UTF-8"?>
<!-- Generated by org.testng.reporters.JUnitReportReporter -->
<testsuite hostname="DESKTOP-ADUL7BM" failures="0" tests="2" name="Practice.testng.ContactTest" time="0.030" errors="0" timestamp="01 Aug 2024 07:07:38 GMT" skipped="0">
  <testcase classname="Practice.testng.ContactTest" name="createContactTest" time="0.026"/>
  <testcase classname="Practice.testng.ContactTest" name="modifyContactTest" time="0.004"/>
</testsuite> <!-- Practice.testng.ContactTest -->
