<?xml version="1.0" encoding="UTF-8"?>
<!-- Generated by org.testng.reporters.JUnitReportReporter -->
<testsuite hostname="DESKTOP-ADUL7BM" failures="0" tests="1" name="Practice.datadriventesting.ReadDataFromTestNGXml" time="0.016" errors="0" timestamp="19 Jul 2024 11:29:17 GMT" skipped="0">
  <testcase classname="Practice.datadriventesting.ReadDataFromTestNGXml" name="sampleTest" time="0.016"/>
</testsuite> <!-- Practice.datadriventesting.ReadDataFromTestNGXml -->
