<?xml version="1.0" encoding="UTF-8"?>
<!-- Generated by org.testng.reporters.JUnitReportReporter -->
<testsuite hostname="DESKTOP-ADUL7BM" failures="0" tests="2" name="practice.hometest.HomePageSampleTest" time="0.031" errors="0" timestamp="09 Aug 2024 07:54:09 GMT" skipped="0">
  <testcase classname="practice.hometest.HomePageSampleTest" name="verigyLogoinHomePageTest" time="0.004"/>
  <testcase classname="practice.hometest.HomePageSampleTest" name="HomepageTest" time="0.027"/>
</testsuite> <!-- practice.hometest.HomePageSampleTest -->
