<?xml version="1.0" encoding="UTF-8"?>
<!-- Generated by org.testng.reporters.JUnitReportReporter -->
<testsuite hostname="DESKTOP-ADUL7BM" failures="0" tests="2" name="com.crm.comcastorgTest.CreateOrgTests" time="0.014" errors="0" timestamp="02 Aug 2024 11:44:55 GMT" skipped="0">
  <testcase classname="com.crm.comcastorgTest.CreateOrgTests" name="createOrgwithIndustry" time="0.009"/>
  <testcase classname="com.crm.comcastorgTest.CreateOrgTests" name="CreateOrgTest" time="0.005"/>
</testsuite> <!-- com.crm.comcastorgTest.CreateOrgTests -->
