<?xml version="1.0" encoding="UTF-8"?>
<!-- Generated by org.testng.reporters.JUnitReportReporter -->
<testsuite hostname="DESKTOP-ADUL7BM" failures="0" tests="2" name="com.pac1.CreateContactTests" time="0.014" errors="0" timestamp="02 Aug 2024 10:01:36 GMT" skipped="0">
  <testcase classname="com.pac1.CreateContactTests" name="createContactWithDate" time="0.002"/>
  <testcase classname="com.pac1.CreateContactTests" name="CreateContact" time="0.012"/>
</testsuite> <!-- com.pac1.CreateContactTests -->
