<?xml version="1.0" encoding="UTF-8"?>
<!-- Generated by org.testng.reporters.JUnitReportReporter -->
<testsuite hostname="DESKTOP-ADUL7BM" failures="0" tests="3" name="Practice.testng.CreateContact_DP_Test_With_PhoneNum" time="0.036" errors="0" timestamp="01 Aug 2024 10:16:05 GMT" skipped="0">
  <testcase classname="Practice.testng.CreateContact_DP_Test_With_PhoneNum" name="createContactTest" time="0.018"/>
  <testcase classname="Practice.testng.CreateContact_DP_Test_With_PhoneNum" name="createContactTest" time="0.012"/>
  <testcase classname="Practice.testng.CreateContact_DP_Test_With_PhoneNum" name="createContactTest" time="0.006"/>
</testsuite> <!-- Practice.testng.CreateContact_DP_Test_With_PhoneNum -->
