<?xml version="1.0" encoding="UTF-8"?>
<!-- Generated by org.testng.reporters.JUnitReportReporter -->
<testsuite hostname="DESKTOP-ADUL7BM" failures="0" tests="3" name="Practice.testng.CreateContact_DP_Test" time="0.026" errors="0" timestamp="01 Aug 2024 10:09:53 GMT" skipped="0">
  <testcase classname="Practice.testng.CreateContact_DP_Test" name="createContactTest" time="0.017"/>
  <testcase classname="Practice.testng.CreateContact_DP_Test" name="createContactTest" time="0.005"/>
  <testcase classname="Practice.testng.CreateContact_DP_Test" name="createContactTest" time="0.004"/>
</testsuite> <!-- Practice.testng.CreateContact_DP_Test -->
